Using pre-set license
Built from '2022.3/staging' branch; Version is '2022.3.52f1 (1120fcb54228) revision 1122556'; Using compiler version '192829333'; Build Type 'Release'
OS: 'Windows 11  (10.0.22631) 64bit Core' Language: 'en' Physical Memory: 7882 MB
BatchMode: 1, IsHumanControllingUs: 0, StartBugReporterOnCrash: 0, Is64bit: 1, IsPro: 1

COMMAND LINE ARGUMENTS:
C:\Program Files\Unity\Hub\Editor\2022.3.52f1\Editor\Unity.exe
-adb2
-batchMode
-noUpm
-name
AssetImportWorker1
-projectPath
C:/Users/nikol/Downloads/Project-2-Assets/Project-2-Assets/Project 2
-logFile
Logs/AssetImportWorker1.log
-srvPort
59284
Successfully changed project path to: C:/Users/nikol/Downloads/Project-2-Assets/Project-2-Assets/Project 2
C:/Users/nikol/Downloads/Project-2-Assets/Project-2-Assets/Project 2
[UnityMemory] Configuration Parameters - Can be set up in boot.config
    "memorysetup-bucket-allocator-granularity=16"
    "memorysetup-bucket-allocator-bucket-count=8"
    "memorysetup-bucket-allocator-block-size=33554432"
    "memorysetup-bucket-allocator-block-count=8"
    "memorysetup-main-allocator-block-size=16777216"
    "memorysetup-thread-allocator-block-size=16777216"
    "memorysetup-gfx-main-allocator-block-size=16777216"
    "memorysetup-gfx-thread-allocator-block-size=16777216"
    "memorysetup-cache-allocator-block-size=4194304"
    "memorysetup-typetree-allocator-block-size=2097152"
    "memorysetup-profiler-bucket-allocator-granularity=16"
    "memorysetup-profiler-bucket-allocator-bucket-count=8"
    "memorysetup-profiler-bucket-allocator-block-size=33554432"
    "memorysetup-profiler-bucket-allocator-block-count=8"
    "memorysetup-profiler-allocator-block-size=16777216"
    "memorysetup-profiler-editor-allocator-block-size=1048576"
    "memorysetup-temp-allocator-size-main=16777216"
    "memorysetup-job-temp-allocator-block-size=2097152"
    "memorysetup-job-temp-allocator-block-size-background=1048576"
    "memorysetup-job-temp-allocator-reduction-small-platforms=262144"
    "memorysetup-allocator-temp-initial-block-size-main=262144"
    "memorysetup-allocator-temp-initial-block-size-worker=262144"
    "memorysetup-temp-allocator-size-background-worker=32768"
    "memorysetup-temp-allocator-size-job-worker=262144"
    "memorysetup-temp-allocator-size-preload-manager=33554432"
    "memorysetup-temp-allocator-size-nav-mesh-worker=65536"
    "memorysetup-temp-allocator-size-audio-worker=65536"
    "memorysetup-temp-allocator-size-cloud-worker=32768"
    "memorysetup-temp-allocator-size-gi-baking-worker=262144"
    "memorysetup-temp-allocator-size-gfx=262144"
Player connection [25708]  Target information:

Player connection [25708]  * "[IP] 25.7.33.29 [Port] 0 [Flags] 2 [Guid] 4285463258 [EditorId] 4285463258 [Version] 1048832 [Id] WindowsEditor(7,NIKO-LAPTOP) [Debug] 1 [PackageName] WindowsEditor [ProjectName] Editor" 

Player connection [25708]  * "[IP] 10.144.141.157 [Port] 0 [Flags] 2 [Guid] 4285463258 [EditorId] 4285463258 [Version] 1048832 [Id] WindowsEditor(7,NIKO-LAPTOP) [Debug] 1 [PackageName] WindowsEditor [ProjectName] Editor" 

Player connection [25708]  * "[IP] 192.168.86.241 [Port] 0 [Flags] 2 [Guid] 4285463258 [EditorId] 4285463258 [Version] 1048832 [Id] WindowsEditor(7,NIKO-LAPTOP) [Debug] 1 [PackageName] WindowsEditor [ProjectName] Editor" 

Player connection [25708] Host joined multi-casting on [225.0.0.222:54997]...
Player connection [25708] Host joined alternative multi-casting on [225.0.0.222:34997]...
[PhysX] Initialized MultithreadedTaskDispatcher with 8 workers.
Refreshing native plugins compatible for Editor in 28.62 ms, found 3 plugins.
Preloading 0 native plugins for Editor in 0.00 ms.
Initialize engine version: 2022.3.52f1 (1120fcb54228)
[Subsystems] Discovering subsystems at path C:/Program Files/Unity/Hub/Editor/2022.3.52f1/Editor/Data/Resources/UnitySubsystems
[Subsystems] Discovering subsystems at path C:/Users/nikol/Downloads/Project-2-Assets/Project-2-Assets/Project 2/Assets
GfxDevice: creating device client; threaded=0; jobified=0
Direct3D:
    Version:  Direct3D 11.0 [level 11.1]
    Renderer: Intel(R) Iris(R) Xe Graphics (ID=0x9a49)
    Vendor:   Intel
    VRAM:     3941 MB
    Driver:   27.20.100.9415
Initialize mono
Mono path[0] = 'C:/Program Files/Unity/Hub/Editor/2022.3.52f1/Editor/Data/Managed'
Mono path[1] = 'C:/Program Files/Unity/Hub/Editor/2022.3.52f1/Editor/Data/MonoBleedingEdge/lib/mono/unityjit-win32'
Mono config path = 'C:/Program Files/Unity/Hub/Editor/2022.3.52f1/Editor/Data/MonoBleedingEdge/etc'
Using monoOptions --debugger-agent=transport=dt_socket,embedding=1,server=y,suspend=n,address=127.0.0.1:56436
Begin MonoManager ReloadAssembly
Registering precompiled unity dll's ...
Register platform support module: C:/Program Files/Unity/Hub/Editor/2022.3.52f1/Editor/Data/PlaybackEngines/WindowsStandaloneSupport/UnityEditor.WindowsStandalone.Extensions.dll
Registered in 0.006982 seconds.
- Loaded All Assemblies, in  0.680 seconds
Native extension for WindowsStandalone target not found
Mono: successfully reloaded assembly
- Finished resetting the current domain, in  0.586 seconds
Domain Reload Profiling: 1265ms
	BeginReloadAssembly (282ms)
		ExecutionOrderSort (0ms)
		DisableScriptedObjects (0ms)
		BackupInstance (0ms)
		ReleaseScriptingObjects (0ms)
		CreateAndSetChildDomain (1ms)
	RebuildCommonClasses (54ms)
	RebuildNativeTypeToScriptingClass (14ms)
	initialDomainReloadingComplete (85ms)
	LoadAllAssembliesAndSetupDomain (245ms)
		LoadAssemblies (280ms)
		RebuildTransferFunctionScriptingTraits (0ms)
		AnalyzeDomain (242ms)
			TypeCache.Refresh (237ms)
				TypeCache.ScanAssembly (211ms)
			ScanForSourceGeneratedMonoScriptInfo (1ms)
			ResolveRequiredComponents (2ms)
	FinalizeReload (586ms)
		ReleaseScriptCaches (0ms)
		RebuildScriptCaches (0ms)
		SetupLoadedEditorAssemblies (437ms)
			LogAssemblyErrors (0ms)
			InitializePlatformSupportModulesInManaged (30ms)
			SetLoadedEditorAssemblies (35ms)
			RefreshPlugins (0ms)
			BeforeProcessingInitializeOnLoad (3ms)
			ProcessInitializeOnLoadAttributes (273ms)
			ProcessInitializeOnLoadMethodAttributes (96ms)
			AfterProcessingInitializeOnLoad (0ms)
			EditorAssembliesLoaded (0ms)
		ExecutionOrderSort2 (0ms)
		AwakeInstancesAfterBackupRestoration (0ms)
========================================================================
Worker process is ready to serve import requests
Caller must complete domain reload
Begin MonoManager ReloadAssembly
- Loaded All Assemblies, in  2.288 seconds
Native extension for WindowsStandalone target not found
Mono: successfully reloaded assembly
- Finished resetting the current domain, in  1.607 seconds
Domain Reload Profiling: 3889ms
	BeginReloadAssembly (659ms)
		ExecutionOrderSort (0ms)
		DisableScriptedObjects (17ms)
		BackupInstance (0ms)
		ReleaseScriptingObjects (0ms)
		CreateAndSetChildDomain (52ms)
	RebuildCommonClasses (105ms)
	RebuildNativeTypeToScriptingClass (33ms)
	initialDomainReloadingComplete (137ms)
	LoadAllAssembliesAndSetupDomain (1347ms)
		LoadAssemblies (1256ms)
		RebuildTransferFunctionScriptingTraits (0ms)
		AnalyzeDomain (557ms)
			TypeCache.Refresh (470ms)
				TypeCache.ScanAssembly (428ms)
			ScanForSourceGeneratedMonoScriptInfo (51ms)
			ResolveRequiredComponents (30ms)
	FinalizeReload (1608ms)
		ReleaseScriptCaches (0ms)
		RebuildScriptCaches (0ms)
		SetupLoadedEditorAssemblies (1177ms)
			LogAssemblyErrors (0ms)
			InitializePlatformSupportModulesInManaged (26ms)
			SetLoadedEditorAssemblies (18ms)
			RefreshPlugins (0ms)
			BeforeProcessingInitializeOnLoad (193ms)
			ProcessInitializeOnLoadAttributes (900ms)
			ProcessInitializeOnLoadMethodAttributes (31ms)
			AfterProcessingInitializeOnLoad (9ms)
			EditorAssembliesLoaded (0ms)
		ExecutionOrderSort2 (0ms)
		AwakeInstancesAfterBackupRestoration (9ms)
Launched and connected shader compiler UnityShaderCompiler.exe after 0.09 seconds
Refreshing native plugins compatible for Editor in 8.08 ms, found 3 plugins.
Preloading 0 native plugins for Editor in 0.00 ms.
Unloading 3103 Unused Serialized files (Serialized files now loaded: 0)
Unloading 19 unused Assets / (54.6 KB). Loaded Objects now: 3569.
Memory consumption went from 118.1 MB to 118.1 MB.
Total: 7.473500 ms (FindLiveObjects: 0.407600 ms CreateObjectMapping: 0.297100 ms MarkObjects: 6.468000 ms  DeleteObjects: 0.296400 ms)

AssetImportParameters requested are different than current active one (requested -> active):
  custom:container-demuxer-ogg: 62fdf1f143b41e24485cea50d1cbac27 -> 
  custom:video-codec-MediaFoundation-h265: 746d11721c4dcdbdad8f713fa42b33f4 -> 
  custom:video-decoder-ogg-theora: a1e56fd34408186e4bbccfd4996cb3dc -> 
  custom:framework-win-MediaFoundation: 216162199b28c13a410421893ffa2e32 -> 
  custom:CustomObjectIndexerAttribute: 9a22284fe3817be447336de3de66b15e -> 
  custom:container-demuxer-webm: 4f35f7cbe854078d1ac9338744f61a02 -> 
  custom:container-muxer-webm: aa71ff27fc2769a1b78a27578f13a17b -> 
  custom:video-decoder-webm-vp8: 9c59270c3fd7afecdb556c50c9e8de78 -> 
  custom:SearchIndexIgnoredProperties: e643bd26f0fe6173181afceb89e7c659 -> 
  custom:AudioImporter_EditorPlatform: d09bf68614088b80899f8185d706f6e7 -> 
  custom:video-encoder-webm-vp8: eb34c28f22e8b96e1ab97ce403110664 -> 
  custom:audio-decoder-ogg-vorbis: bf7c407c2cedff20999df2af8eb42d56 -> 
  custom:audio-encoder-webm-vorbis: bf7c407c2cedff20999df2af8eb42d56 -> 
========================================================================
Received Import Request.
  Time since last request: 1284212.254978 seconds.
  path: Assets/Materials/plain_door.mat
  artifactKey: Guid(93af02504c4f23b47ab9b4080865de72) Importer(815301076,1909f56bfc062723c751e8b465ee728b)
Start importing Assets/Materials/plain_door.mat using Guid(93af02504c4f23b47ab9b4080865de72) Importer(815301076,1909f56bfc062723c751e8b465ee728b) [PhysX] Initialized MultithreadedTaskDispatcher with 8 workers.
[PhysX] Initialized MultithreadedTaskDispatcher with 8 workers.
 -> (artifact id: '32bfbb956b74b63b0e89c90759726db9') in 0.313326 seconds
Number of updated asset objects reloaded before import = 0
Number of asset objects unloaded after import = 1
========================================================================
Received Import Request.
  Time since last request: 0.000070 seconds.
  path: Assets/Materials/floor.mat
  artifactKey: Guid(0b69442c75ba8a44099131d4d7933e54) Importer(815301076,1909f56bfc062723c751e8b465ee728b)
Start importing Assets/Materials/floor.mat using Guid(0b69442c75ba8a44099131d4d7933e54) Importer(815301076,1909f56bfc062723c751e8b465ee728b) [PhysX] Initialized MultithreadedTaskDispatcher with 8 workers.
[PhysX] Initialized MultithreadedTaskDispatcher with 8 workers.
 -> (artifact id: '07c6f6660037b16b7b02a679e1edf205') in 0.111888 seconds
Number of updated asset objects reloaded before import = 0
Number of asset objects unloaded after import = 3
========================================================================
Received Import Request.
  Time since last request: 0.000540 seconds.
  path: Assets/Materials/wall hole.mat
  artifactKey: Guid(930bda679989e6048932b31decb65725) Importer(815301076,1909f56bfc062723c751e8b465ee728b)
Start importing Assets/Materials/wall hole.mat using Guid(930bda679989e6048932b31decb65725) Importer(815301076,1909f56bfc062723c751e8b465ee728b) [PhysX] Initialized MultithreadedTaskDispatcher with 8 workers.
[PhysX] Initialized MultithreadedTaskDispatcher with 8 workers.
 -> (artifact id: '8711b5524731dbbb4989eb0d6ed51e3f') in 0.076781 seconds
Number of updated asset objects reloaded before import = 0
Number of asset objects unloaded after import = 3
========================================================================
Received Import Request.
  Time since last request: 0.000185 seconds.
  path: Assets/Materials/wall.mat
  artifactKey: Guid(41b01b51ff0429a41a1b806828ec4d5a) Importer(815301076,1909f56bfc062723c751e8b465ee728b)
Start importing Assets/Materials/wall.mat using Guid(41b01b51ff0429a41a1b806828ec4d5a) Importer(815301076,1909f56bfc062723c751e8b465ee728b) [PhysX] Initialized MultithreadedTaskDispatcher with 8 workers.
[PhysX] Initialized MultithreadedTaskDispatcher with 8 workers.
 -> (artifact id: 'e62079bef06b1952f7b9c79db0cedd7c') in 0.054421 seconds
Number of updated asset objects reloaded before import = 0
Number of asset objects unloaded after import = 3
========================================================================
Received Import Request.
  Time since last request: 0.006096 seconds.
  path: Assets/Materials/gem.mat
  artifactKey: Guid(1599596d86862f540bc88900ff329db7) Importer(815301076,1909f56bfc062723c751e8b465ee728b)
Start importing Assets/Materials/gem.mat using Guid(1599596d86862f540bc88900ff329db7) Importer(815301076,1909f56bfc062723c751e8b465ee728b) [PhysX] Initialized MultithreadedTaskDispatcher with 8 workers.
[PhysX] Initialized MultithreadedTaskDispatcher with 8 workers.
 -> (artifact id: '6c88f8fbd6fc67bd4cfe16563b37ae94') in 0.017215 seconds
Number of updated asset objects reloaded before import = 0
Number of asset objects unloaded after import = 1
========================================================================
Received Import Request.
  Time since last request: 0.000130 seconds.
  path: Assets/Materials/gem_door.mat
  artifactKey: Guid(12afa356ba7b48141a55b5140aecb4ad) Importer(815301076,1909f56bfc062723c751e8b465ee728b)
Start importing Assets/Materials/gem_door.mat using Guid(12afa356ba7b48141a55b5140aecb4ad) Importer(815301076,1909f56bfc062723c751e8b465ee728b) [PhysX] Initialized MultithreadedTaskDispatcher with 8 workers.
[PhysX] Initialized MultithreadedTaskDispatcher with 8 workers.
 -> (artifact id: '3db508d1e6af260bd664bab6d4f89420') in 0.120290 seconds
Number of updated asset objects reloaded before import = 0
Number of asset objects unloaded after import = 3
========================================================================
Received Import Request.
  Time since last request: 0.000049 seconds.
  path: Assets/Materials/doorway.mat
  artifactKey: Guid(cc52c9dc54bc9be49b400dfcdb8fcffe) Importer(815301076,1909f56bfc062723c751e8b465ee728b)
Start importing Assets/Materials/doorway.mat using Guid(cc52c9dc54bc9be49b400dfcdb8fcffe) Importer(815301076,1909f56bfc062723c751e8b465ee728b) [PhysX] Initialized MultithreadedTaskDispatcher with 8 workers.
[PhysX] Initialized MultithreadedTaskDispatcher with 8 workers.
 -> (artifact id: '8b30d1ae275ed542f88b75e0fce77daf') in 0.035869 seconds
Number of updated asset objects reloaded before import = 0
Number of asset objects unloaded after import = 3
========================================================================
Received Import Request.
  Time since last request: 78.328508 seconds.
  path: Assets/Models/player_hand.fbx
  artifactKey: Guid(48b79454708232248bd1ec07a4a5f55a) Importer(815301076,1909f56bfc062723c751e8b465ee728b)
Start importing Assets/Models/player_hand.fbx using Guid(48b79454708232248bd1ec07a4a5f55a) Importer(815301076,1909f56bfc062723c751e8b465ee728b) [PhysX] Initialized MultithreadedTaskDispatcher with 8 workers.
[PhysX] Initialized MultithreadedTaskDispatcher with 8 workers.
[PhysX] Initialized MultithreadedTaskDispatcher with 8 workers.
[PhysX] Initialized MultithreadedTaskDispatcher with 8 workers.
[PhysX] Initialized MultithreadedTaskDispatcher with 8 workers.
[PhysX] Initialized MultithreadedTaskDispatcher with 8 workers.
[PhysX] Initialized MultithreadedTaskDispatcher with 8 workers.
 -> (artifact id: '972b88415a5b694d1ba0d118fa39c277') in 0.216217 seconds
Number of updated asset objects reloaded before import = 0
Number of asset objects unloaded after import = 16
========================================================================
Received Import Request.
  Time since last request: 0.000043 seconds.
  path: Assets/Models/key.fbx
  artifactKey: Guid(7d09caa5dacf5c148859412cf4296e03) Importer(815301076,1909f56bfc062723c751e8b465ee728b)
Start importing Assets/Models/key.fbx using Guid(7d09caa5dacf5c148859412cf4296e03) Importer(815301076,1909f56bfc062723c751e8b465ee728b) [PhysX] Initialized MultithreadedTaskDispatcher with 8 workers.
[PhysX] Initialized MultithreadedTaskDispatcher with 8 workers.
[PhysX] Initialized MultithreadedTaskDispatcher with 8 workers.
[PhysX] Initialized MultithreadedTaskDispatcher with 8 workers.
 -> (artifact id: 'a0207a62018aa908229076b29f672a3e') in 0.061386 seconds
Number of updated asset objects reloaded before import = 0
Number of asset objects unloaded after import = 9
========================================================================
Received Import Request.
  Time since last request: 0.000043 seconds.
  path: Assets/Models/wall_torch.fbx
  artifactKey: Guid(e82ae76d454d24647ae28f8c9a0010cd) Importer(815301076,1909f56bfc062723c751e8b465ee728b)
Start importing Assets/Models/wall_torch.fbx using Guid(e82ae76d454d24647ae28f8c9a0010cd) Importer(815301076,1909f56bfc062723c751e8b465ee728b) [PhysX] Initialized MultithreadedTaskDispatcher with 8 workers.
[PhysX] Initialized MultithreadedTaskDispatcher with 8 workers.
[PhysX] Initialized MultithreadedTaskDispatcher with 8 workers.
[PhysX] Initialized MultithreadedTaskDispatcher with 8 workers.
[PhysX] Initialized MultithreadedTaskDispatcher with 8 workers.
[PhysX] Initialized MultithreadedTaskDispatcher with 8 workers.
[PhysX] Initialized MultithreadedTaskDispatcher with 8 workers.
[PhysX] Initialized MultithreadedTaskDispatcher with 8 workers.
[PhysX] Initialized MultithreadedTaskDispatcher with 8 workers.
 -> (artifact id: '2038c7b44cafbd628efd18947f2ff526') in 0.115108 seconds
Number of updated asset objects reloaded before import = 0
Number of asset objects unloaded after import = 21
========================================================================
Received Import Request.
  Time since last request: 0.000090 seconds.
  path: Assets/Models/cat_idol.fbx
  artifactKey: Guid(f6ecae639aac0a042823865f85d44890) Importer(815301076,1909f56bfc062723c751e8b465ee728b)
Start importing Assets/Models/cat_idol.fbx using Guid(f6ecae639aac0a042823865f85d44890) Importer(815301076,1909f56bfc062723c751e8b465ee728b) [PhysX] Initialized MultithreadedTaskDispatcher with 8 workers.
[PhysX] Initialized MultithreadedTaskDispatcher with 8 workers.
[PhysX] Initialized MultithreadedTaskDispatcher with 8 workers.
[PhysX] Initialized MultithreadedTaskDispatcher with 8 workers.
[PhysX] Initialized MultithreadedTaskDispatcher with 8 workers.
[PhysX] Initialized MultithreadedTaskDispatcher with 8 workers.
[PhysX] Initialized MultithreadedTaskDispatcher with 8 workers.
 -> (artifact id: '8b75c33857a832b5bf591cd40a49e930') in 0.104239 seconds
Number of updated asset objects reloaded before import = 0
Number of asset objects unloaded after import = 16
========================================================================
Received Import Request.
  Time since last request: 478.020476 seconds.
  path: Assets/Models/doorway.fbx
  artifactKey: Guid(55d29d5478042c9419687736a499b2f0) Importer(815301076,1909f56bfc062723c751e8b465ee728b)
Start importing Assets/Models/doorway.fbx using Guid(55d29d5478042c9419687736a499b2f0) Importer(815301076,1909f56bfc062723c751e8b465ee728b) [PhysX] Initialized MultithreadedTaskDispatcher with 8 workers.
[PhysX] Initialized MultithreadedTaskDispatcher with 8 workers.
[PhysX] Initialized MultithreadedTaskDispatcher with 8 workers.
 -> (artifact id: 'ebc471778d72076c19ff6e34487699fa') in 0.142654 seconds
Number of updated asset objects reloaded before import = 0
Number of asset objects unloaded after import = 10
========================================================================
Received Import Request.
  Time since last request: 0.000120 seconds.
  path: Assets/Models/wall_low.fbx
  artifactKey: Guid(a50463062a51b1e469224baffc73878b) Importer(815301076,1909f56bfc062723c751e8b465ee728b)
Start importing Assets/Models/wall_low.fbx using Guid(a50463062a51b1e469224baffc73878b) Importer(815301076,1909f56bfc062723c751e8b465ee728b) [PhysX] Initialized MultithreadedTaskDispatcher with 8 workers.
[PhysX] Initialized MultithreadedTaskDispatcher with 8 workers.
[PhysX] Initialized MultithreadedTaskDispatcher with 8 workers.
 -> (artifact id: '0d4560ee35fa28bb0ca666d0ba5729ec') in 0.041438 seconds
Number of updated asset objects reloaded before import = 0
Number of asset objects unloaded after import = 10
========================================================================
Received Import Request.
  Time since last request: 0.000050 seconds.
  path: Assets/Models/wall_hole.fbx
  artifactKey: Guid(ac05c445196bbb44aae33fd4023570fc) Importer(815301076,1909f56bfc062723c751e8b465ee728b)
Start importing Assets/Models/wall_hole.fbx using Guid(ac05c445196bbb44aae33fd4023570fc) Importer(815301076,1909f56bfc062723c751e8b465ee728b) [PhysX] Initialized MultithreadedTaskDispatcher with 8 workers.
[PhysX] Initialized MultithreadedTaskDispatcher with 8 workers.
[PhysX] Initialized MultithreadedTaskDispatcher with 8 workers.
 -> (artifact id: '64c9c792f80221f7e6fb47556df701ac') in 0.053658 seconds
Number of updated asset objects reloaded before import = 0
Number of asset objects unloaded after import = 10
========================================================================
Received Import Request.
  Time since last request: 0.000033 seconds.
  path: Assets/Models/floor.fbx
  artifactKey: Guid(06c9ea68b386993478601bc97afcee3f) Importer(815301076,1909f56bfc062723c751e8b465ee728b)
Start importing Assets/Models/floor.fbx using Guid(06c9ea68b386993478601bc97afcee3f) Importer(815301076,1909f56bfc062723c751e8b465ee728b) [PhysX] Initialized MultithreadedTaskDispatcher with 8 workers.
[PhysX] Initialized MultithreadedTaskDispatcher with 8 workers.
[PhysX] Initialized MultithreadedTaskDispatcher with 8 workers.
 -> (artifact id: '664412de334c2a75cac29b7e79933ee7') in 0.053883 seconds
Number of updated asset objects reloaded before import = 0
Number of asset objects unloaded after import = 10
========================================================================
Received Import Request.
  Time since last request: 0.000036 seconds.
  path: Assets/Models/wall_hole_low.fbx
  artifactKey: Guid(f481cad8f7eece947adcdcf3aafc5d7b) Importer(815301076,1909f56bfc062723c751e8b465ee728b)
Start importing Assets/Models/wall_hole_low.fbx using Guid(f481cad8f7eece947adcdcf3aafc5d7b) Importer(815301076,1909f56bfc062723c751e8b465ee728b) [PhysX] Initialized MultithreadedTaskDispatcher with 8 workers.
[PhysX] Initialized MultithreadedTaskDispatcher with 8 workers.
[PhysX] Initialized MultithreadedTaskDispatcher with 8 workers.
 -> (artifact id: 'bc1b3d269563d36208bf781e36a8d7f4') in 0.059634 seconds
Number of updated asset objects reloaded before import = 0
Number of asset objects unloaded after import = 10
========================================================================
Received Import Request.
  Time since last request: 173.804374 seconds.
  path: Assets/Models/doorway.fbx
  artifactKey: Guid(55d29d5478042c9419687736a499b2f0) Importer(815301076,1909f56bfc062723c751e8b465ee728b)
Start importing Assets/Models/doorway.fbx using Guid(55d29d5478042c9419687736a499b2f0) Importer(815301076,1909f56bfc062723c751e8b465ee728b) [PhysX] Initialized MultithreadedTaskDispatcher with 8 workers.
[PhysX] Initialized MultithreadedTaskDispatcher with 8 workers.
[PhysX] Initialized MultithreadedTaskDispatcher with 8 workers.
 -> (artifact id: 'dac61b14db1689ce56f3a1504fc118e2') in 1.045484 seconds
Number of updated asset objects reloaded before import = 0
Number of asset objects unloaded after import = 10
========================================================================
Received Import Request.
  Time since last request: 0.000068 seconds.
  path: Assets/Models/wall.fbx
  artifactKey: Guid(b5821a2a36bda8e4584616bf489dd7ad) Importer(815301076,1909f56bfc062723c751e8b465ee728b)
Start importing Assets/Models/wall.fbx using Guid(b5821a2a36bda8e4584616bf489dd7ad) Importer(815301076,1909f56bfc062723c751e8b465ee728b) [PhysX] Initialized MultithreadedTaskDispatcher with 8 workers.
[PhysX] Initialized MultithreadedTaskDispatcher with 8 workers.
[PhysX] Initialized MultithreadedTaskDispatcher with 8 workers.
 -> (artifact id: 'aa8b7b918a4dd2617eb83ec933398026') in 0.160150 seconds
Number of updated asset objects reloaded before import = 0
Number of asset objects unloaded after import = 10
========================================================================
Received Import Request.
  Time since last request: 0.007021 seconds.
  path: Assets/Models/gem.fbx
  artifactKey: Guid(7343aea7125a8644fbf8c0f9f84ea7c3) Importer(815301076,1909f56bfc062723c751e8b465ee728b)
Start importing Assets/Models/gem.fbx using Guid(7343aea7125a8644fbf8c0f9f84ea7c3) Importer(815301076,1909f56bfc062723c751e8b465ee728b) [PhysX] Initialized MultithreadedTaskDispatcher with 8 workers.
[PhysX] Initialized MultithreadedTaskDispatcher with 8 workers.
[PhysX] Initialized MultithreadedTaskDispatcher with 8 workers.
 -> (artifact id: '61a6c5b6347f52c1db3bc7f2f4ea66fc') in 0.394871 seconds
Number of updated asset objects reloaded before import = 0
Number of asset objects unloaded after import = 8
========================================================================
Received Import Request.
  Time since last request: 0.000043 seconds.
  path: Assets/Models/gem_door.fbx
  artifactKey: Guid(83c81d36e8ac60149aad6453ac4f67fc) Importer(815301076,1909f56bfc062723c751e8b465ee728b)
Start importing Assets/Models/gem_door.fbx using Guid(83c81d36e8ac60149aad6453ac4f67fc) Importer(815301076,1909f56bfc062723c751e8b465ee728b) [PhysX] Initialized MultithreadedTaskDispatcher with 8 workers.
[PhysX] Initialized MultithreadedTaskDispatcher with 8 workers.
[PhysX] Initialized MultithreadedTaskDispatcher with 8 workers.
 -> (artifact id: '8e488cd52b59708dc3aea93426b5cc32') in 0.168563 seconds
Number of updated asset objects reloaded before import = 0
Number of asset objects unloaded after import = 10
========================================================================
Received Import Request.
  Time since last request: 0.000478 seconds.
  path: Assets/Models/wall_hole.fbx
  artifactKey: Guid(ac05c445196bbb44aae33fd4023570fc) Importer(815301076,1909f56bfc062723c751e8b465ee728b)
Start importing Assets/Models/wall_hole.fbx using Guid(ac05c445196bbb44aae33fd4023570fc) Importer(815301076,1909f56bfc062723c751e8b465ee728b) [PhysX] Initialized MultithreadedTaskDispatcher with 8 workers.
[PhysX] Initialized MultithreadedTaskDispatcher with 8 workers.
[PhysX] Initialized MultithreadedTaskDispatcher with 8 workers.
 -> (artifact id: '247c3fe69b56f300d41569d3962cc398') in 0.084946 seconds
Number of updated asset objects reloaded before import = 0
Number of asset objects unloaded after import = 10
========================================================================
Received Import Request.
  Time since last request: 0.000044 seconds.
  path: Assets/Models/pedestal.fbx
  artifactKey: Guid(249b0bc6461cc444d9fd9d1375d5bcdf) Importer(815301076,1909f56bfc062723c751e8b465ee728b)
Start importing Assets/Models/pedestal.fbx using Guid(249b0bc6461cc444d9fd9d1375d5bcdf) Importer(815301076,1909f56bfc062723c751e8b465ee728b) [PhysX] Initialized MultithreadedTaskDispatcher with 8 workers.
[PhysX] Initialized MultithreadedTaskDispatcher with 8 workers.
[PhysX] Initialized MultithreadedTaskDispatcher with 8 workers.
 -> (artifact id: 'f45df98e9e885e3646cfc2fdb864498b') in 0.059034 seconds
Number of updated asset objects reloaded before import = 0
Number of asset objects unloaded after import = 9
========================================================================
Received Import Request.
  Time since last request: 0.000049 seconds.
  path: Assets/Models/floor.fbx
  artifactKey: Guid(06c9ea68b386993478601bc97afcee3f) Importer(815301076,1909f56bfc062723c751e8b465ee728b)
Start importing Assets/Models/floor.fbx using Guid(06c9ea68b386993478601bc97afcee3f) Importer(815301076,1909f56bfc062723c751e8b465ee728b) [PhysX] Initialized MultithreadedTaskDispatcher with 8 workers.
[PhysX] Initialized MultithreadedTaskDispatcher with 8 workers.
[PhysX] Initialized MultithreadedTaskDispatcher with 8 workers.
 -> (artifact id: 'fa8cdaf42833d6237ebe6b04f9c026f2') in 0.100318 seconds
Number of updated asset objects reloaded before import = 0
Number of asset objects unloaded after import = 10
========================================================================
Received Import Request.
  Time since last request: 0.000260 seconds.
  path: Assets/Models/floor_low.fbx
  artifactKey: Guid(68e2c5e1fdf8d31468010773e6f58d79) Importer(815301076,1909f56bfc062723c751e8b465ee728b)
Start importing Assets/Models/floor_low.fbx using Guid(68e2c5e1fdf8d31468010773e6f58d79) Importer(815301076,1909f56bfc062723c751e8b465ee728b) [PhysX] Initialized MultithreadedTaskDispatcher with 8 workers.
[PhysX] Initialized MultithreadedTaskDispatcher with 8 workers.
[PhysX] Initialized MultithreadedTaskDispatcher with 8 workers.
 -> (artifact id: 'ceb9fcc939ca3823ae83cbe1a93b2bd2') in 0.065878 seconds
Number of updated asset objects reloaded before import = 0
Number of asset objects unloaded after import = 10
========================================================================
Received Import Request.
  Time since last request: 0.037855 seconds.
  path: Assets/Models/wall_hole_low.fbx
  artifactKey: Guid(f481cad8f7eece947adcdcf3aafc5d7b) Importer(815301076,1909f56bfc062723c751e8b465ee728b)
Start importing Assets/Models/wall_hole_low.fbx using Guid(f481cad8f7eece947adcdcf3aafc5d7b) Importer(815301076,1909f56bfc062723c751e8b465ee728b) [PhysX] Initialized MultithreadedTaskDispatcher with 8 workers.
[PhysX] Initialized MultithreadedTaskDispatcher with 8 workers.
[PhysX] Initialized MultithreadedTaskDispatcher with 8 workers.
 -> (artifact id: '252c1340591a45c2ab3ffeb428cb5cd7') in 0.076465 seconds
Number of updated asset objects reloaded before import = 0
Number of asset objects unloaded after import = 10
========================================================================
Received Import Request.
  Time since last request: 61.857464 seconds.
  path: Assets/Animations/skeleton_walking_animation.fbx
  artifactKey: Guid(0c5d808d0231a234380da9123b48e008) Importer(815301076,1909f56bfc062723c751e8b465ee728b)
Start importing Assets/Animations/skeleton_walking_animation.fbx using Guid(0c5d808d0231a234380da9123b48e008) Importer(815301076,1909f56bfc062723c751e8b465ee728b) [PhysX] Initialized MultithreadedTaskDispatcher with 8 workers.
 -> (artifact id: 'a49509b8412e2f1db77795a11b513f37') in 0.034052 seconds
Number of updated asset objects reloaded before import = 0
Number of asset objects unloaded after import = 55
========================================================================
Received Import Request.
  Time since last request: 84.275033 seconds.
  path: Assets/Prefabs/doorway.prefab
  artifactKey: Guid(1a22f614b1be18c42873a4fff5f91a9d) Importer(815301076,1909f56bfc062723c751e8b465ee728b)
Start importing Assets/Prefabs/doorway.prefab using Guid(1a22f614b1be18c42873a4fff5f91a9d) Importer(815301076,1909f56bfc062723c751e8b465ee728b) [PhysX] Initialized MultithreadedTaskDispatcher with 8 workers.
[PhysX] Initialized MultithreadedTaskDispatcher with 8 workers.
 -> (artifact id: 'b140055c892544a60cbefbf4d4dde4c0') in 0.089532 seconds
Number of updated asset objects reloaded before import = 0
Number of asset objects unloaded after import = 17
========================================================================
Received Import Request.
  Time since last request: 0.000024 seconds.
  path: Assets/Prefabs/shrub.prefab
  artifactKey: Guid(ec848b90f19388144b0b730aded9c739) Importer(815301076,1909f56bfc062723c751e8b465ee728b)
Start importing Assets/Prefabs/shrub.prefab using Guid(ec848b90f19388144b0b730aded9c739) Importer(815301076,1909f56bfc062723c751e8b465ee728b) [PhysX] Initialized MultithreadedTaskDispatcher with 8 workers.
[PhysX] Initialized MultithreadedTaskDispatcher with 8 workers.
 -> (artifact id: 'fc844d9e37527d6b67f986ee128de402') in 0.038683 seconds
Number of updated asset objects reloaded before import = 0
Number of asset objects unloaded after import = 21
========================================================================
Received Import Request.
  Time since last request: 0.000032 seconds.
  path: Assets/Prefabs/pedestal.prefab
  artifactKey: Guid(4368786d3dd3b59468595e01a470d9f0) Importer(815301076,1909f56bfc062723c751e8b465ee728b)
Start importing Assets/Prefabs/pedestal.prefab using Guid(4368786d3dd3b59468595e01a470d9f0) Importer(815301076,1909f56bfc062723c751e8b465ee728b) [PhysX] Initialized MultithreadedTaskDispatcher with 8 workers.
[PhysX] Initialized MultithreadedTaskDispatcher with 8 workers.
 -> (artifact id: 'db7092381663f29953fd9f63b1d71173') in 0.034519 seconds
Number of updated asset objects reloaded before import = 0
Number of asset objects unloaded after import = 9
